{"name":"Scorecard_TC_001","status":"failed","statusDetails":{"known":false,"muted":false,"flaky":false,"message":"expected [true] but found [false]","trace":"java.lang.AssertionError: expected [true] but found [false]\r\n\tat org.testng.Assert.fail(Assert.java:96)\r\n\tat org.testng.Assert.failNotEquals(Assert.java:776)\r\n\tat org.testng.Assert.assertTrue(Assert.java:44)\r\n\tat org.testng.Assert.assertTrue(Assert.java:54)\r\n\tat com.griffinhill.site.pages.BasePageObject.verifyElementDisplayed(BasePageObject.java:88)\r\n\tat com.griffinhill.site.pages.BasePageObject.sendKeys(BasePageObject.java:68)\r\n\tat com.griffinhill.site.pages.ScorecardPage.inputCompanyName(ScorecardPage.java:72)\r\n\tat com.griffinhill.site.pages.ScorecardPage.fillProspect(ScorecardPage.java:66)\r\n\tat com.griffinhill.tests.testcases.ScorecardTest.Scorecard_TC_001(ScorecardTest.java:35)\r\n\tat sun.reflect.NativeMethodAccessorImpl.invoke0(Native Method)\r\n\tat sun.reflect.NativeMethodAccessorImpl.invoke(NativeMethodAccessorImpl.java:62)\r\n\tat sun.reflect.DelegatingMethodAccessorImpl.invoke(DelegatingMethodAccessorImpl.java:43)\r\n\tat java.lang.reflect.Method.invoke(Method.java:498)\r\n\tat org.testng.internal.MethodInvocationHelper.invokeMethod(MethodInvocationHelper.java:124)\r\n\tat org.testng.internal.Invoker.invokeMethod(Invoker.java:583)\r\n\tat org.testng.internal.Invoker.invokeTestMethod(Invoker.java:719)\r\n\tat org.testng.internal.Invoker.invokeTestMethods(Invoker.java:989)\r\n\tat org.testng.internal.TestMethodWorker.invokeTestMethods(TestMethodWorker.java:125)\r\n\tat org.testng.internal.TestMethodWorker.run(TestMethodWorker.java:109)\r\n\tat org.testng.TestRunner.privateRun(TestRunner.java:648)\r\n\tat org.testng.TestRunner.run(TestRunner.java:505)\r\n\tat org.testng.SuiteRunner.runTest(SuiteRunner.java:455)\r\n\tat org.testng.SuiteRunner.runSequentially(SuiteRunner.java:450)\r\n\tat org.testng.SuiteRunner.privateRun(SuiteRunner.java:415)\r\n\tat org.testng.SuiteRunner.run(SuiteRunner.java:364)\r\n\tat org.testng.SuiteRunnerWorker.runSuite(SuiteRunnerWorker.java:52)\r\n\tat org.testng.SuiteRunnerWorker.run(SuiteRunnerWorker.java:84)\r\n\tat org.testng.TestNG.runSuitesSequentially(TestNG.java:1208)\r\n\tat org.testng.TestNG.runSuitesLocally(TestNG.java:1137)\r\n\tat org.testng.TestNG.runSuites(TestNG.java:1049)\r\n\tat org.testng.TestNG.run(TestNG.java:1017)\r\n\tat com.intellij.rt.testng.IDEARemoteTestNG.run(IDEARemoteTestNG.java:66)\r\n\tat com.intellij.rt.testng.RemoteTestNGStarter.main(RemoteTestNGStarter.java:109)\r\n"},"stage":"finished","steps":[{"name":"Send keys","status":"passed","stage":"finished","steps":[],"attachments":[],"parameters":[{"name":"element","value":"[[ChromeDriver: chrome on WINDOWS (bb212ea128c4bc4578e7e04541696889)] -> css selector: input[name='first_name']]"},{"name":"data","value":"TestFirst"}],"start":1679321577600,"stop":1679321578348},{"name":"Send keys","status":"passed","stage":"finished","steps":[],"attachments":[],"parameters":[{"name":"element","value":"[[ChromeDriver: chrome on WINDOWS (bb212ea128c4bc4578e7e04541696889)] -> css selector: input[name='last_name']]"},{"name":"data","value":"TestLast"}],"start":1679321578375,"stop":1679321578662},{"name":"Send keys","status":"failed","statusDetails":{"known":false,"muted":false,"flaky":false,"message":"expected [true] but found [false]","trace":"java.lang.AssertionError: expected [true] but found [false]\r\n\tat org.testng.Assert.fail(Assert.java:96)\r\n\tat org.testng.Assert.failNotEquals(Assert.java:776)\r\n\tat org.testng.Assert.assertTrue(Assert.java:44)\r\n\tat org.testng.Assert.assertTrue(Assert.java:54)\r\n\tat com.griffinhill.site.pages.BasePageObject.verifyElementDisplayed(BasePageObject.java:88)\r\n\tat com.griffinhill.site.pages.BasePageObject.sendKeys(BasePageObject.java:68)\r\n\tat com.griffinhill.site.pages.ScorecardPage.inputCompanyName(ScorecardPage.java:72)\r\n\tat com.griffinhill.site.pages.ScorecardPage.fillProspect(ScorecardPage.java:66)\r\n\tat com.griffinhill.tests.testcases.ScorecardTest.Scorecard_TC_001(ScorecardTest.java:35)\r\n\tat sun.reflect.NativeMethodAccessorImpl.invoke0(Native Method)\r\n\tat sun.reflect.NativeMethodAccessorImpl.invoke(NativeMethodAccessorImpl.java:62)\r\n\tat sun.reflect.DelegatingMethodAccessorImpl.invoke(DelegatingMethodAccessorImpl.java:43)\r\n\tat java.lang.reflect.Method.invoke(Method.java:498)\r\n\tat org.testng.internal.MethodInvocationHelper.invokeMethod(MethodInvocationHelper.java:124)\r\n\tat org.testng.internal.Invoker.invokeMethod(Invoker.java:583)\r\n\tat org.testng.internal.Invoker.invokeTestMethod(Invoker.java:719)\r\n\tat org.testng.internal.Invoker.invokeTestMethods(Invoker.java:989)\r\n\tat org.testng.internal.TestMethodWorker.invokeTestMethods(TestMethodWorker.java:125)\r\n\tat org.testng.internal.TestMethodWorker.run(TestMethodWorker.java:109)\r\n\tat org.testng.TestRunner.privateRun(TestRunner.java:648)\r\n\tat org.testng.TestRunner.run(TestRunner.java:505)\r\n\tat org.testng.SuiteRunner.runTest(SuiteRunner.java:455)\r\n\tat org.testng.SuiteRunner.runSequentially(SuiteRunner.java:450)\r\n\tat org.testng.SuiteRunner.privateRun(SuiteRunner.java:415)\r\n\tat org.testng.SuiteRunner.run(SuiteRunner.java:364)\r\n\tat org.testng.SuiteRunnerWorker.runSuite(SuiteRunnerWorker.java:52)\r\n\tat org.testng.SuiteRunnerWorker.run(SuiteRunnerWorker.java:84)\r\n\tat org.testng.TestNG.runSuitesSequentially(TestNG.java:1208)\r\n\tat org.testng.TestNG.runSuitesLocally(TestNG.java:1137)\r\n\tat org.testng.TestNG.runSuites(TestNG.java:1049)\r\n\tat org.testng.TestNG.run(TestNG.java:1017)\r\n\tat com.intellij.rt.testng.IDEARemoteTestNG.run(IDEARemoteTestNG.java:66)\r\n\tat com.intellij.rt.testng.RemoteTestNGStarter.main(RemoteTestNGStarter.java:109)\r\n"},"stage":"finished","steps":[],"attachments":[],"parameters":[{"name":"element","value":"Proxy element for: DefaultElementLocator 'By.cssSelector: input[name='company_name']'"},{"name":"data","value":"TestCompanyName"}],"start":1679321608739,"stop":1679321668808}],"attachments":[],"parameters":[],"start":1679321577280,"stop":1679321668813,"uuid":"fe59c995-10a2-45b4-8772-7d61884a4ff3","historyId":"226010976a55e55d45e680afc6cca2eb","fullName":"com.griffinhill.tests.testcases.ScorecardTest.Scorecard_TC_001","labels":[{"name":"package","value":"com.griffinhill.tests.testcases.ScorecardTest"},{"name":"testClass","value":"com.griffinhill.tests.testcases.ScorecardTest"},{"name":"testMethod","value":"Scorecard_TC_001"},{"name":"parentSuite","value":"Default Suite"},{"name":"suite","value":"GriffinHillAutomation"},{"name":"subSuite","value":"com.griffinhill.tests.testcases.ScorecardTest"},{"name":"host","value":"Phoebs"},{"name":"thread","value":"2188@Phoebs.main(1)"},{"name":"framework","value":"testng"},{"name":"language","value":"java"}],"links":[]}